
                                      ARENA Simulation Results
                            sm1998rakibul@gmail.com - License:           

                                  Summary for Replication 1 of 1

Project: Drive                                                       Run execution date : 4/13/2021
Analyst: sm1998rakibul@gmail.com                                     Model revision date: 4/13/2021

Replication ended at time      : 1440.0 Minutes 
Base Time Units: Minutes

                                           TALLY VARIABLES

Identifier                                  Average   Half Width  Minimum    Maximum   Observations
___________________________________________________________________________________________________

Total time                                  5.1286     (Insuf)    .01493     23.130        241    
Restaurent Service.VATimePerEntity          3.1946     (Insuf)    .01493     16.073        241    
Restaurent Service.WaitTimePerEntity        1.9340     (Insuf)    .00000     17.739        241    
Restaurent Service.TotalTimePerEntity       5.1286     (Insuf)    .01493     23.130        241    
Car.VATime                                  3.1946     (Insuf)    .01493     16.073        241    
Car.NVATime                                 .00000     (Insuf)    .00000     .00000        241    
Car.WaitTime                                1.9340     (Insuf)    .00000     17.739        241    
Car.TranTime                                .00000     (Insuf)    .00000     .00000        241    
Car.OtherTime                               .00000     (Insuf)    .00000     .00000        241    
Car.TotalTime                               5.1286     (Insuf)    .01493     23.130        241    
Restaurent Service.Queue.WaitingTime        1.9340     (Insuf)    .00000     17.739        241    

                                     DISCRETE-CHANGE VARIABLES

Identifier                                  Average   Half Width  Minimum    Maximum   Final Value
___________________________________________________________________________________________________

Car.WIP                                     .85834     .52369     .00000     12.000     .00000    
Cook.NumberBusy                             .53465     (Insuf)    .00000     4.0000     .00000    
Cook.NumberScheduled                        1.4984     (Insuf)    .00000     4.0000     1.0000    
Cook.Utilization                            .25236     (Insuf)    .00000     1.0000     .00000    
Restaurent Service.Queue.NumberInQueue      .32369     (Insuf)    .00000     8.0000     .00000    

                                             OUTPUTS

Identifier                                   Value
_____________________________________________________________

Restaurent Service Number In                241.00    
Restaurent Service Accum Wait Time          466.11    
Restaurent Service Number Out               241.00    
Restaurent Service Accum VA Time            769.89    
Car.NumberIn                                241.00    
Car.NumberOut                               241.00    
Cook.NumberSeized                           241.00    
Cook.ScheduledUtilization                   .35680    
System.NumberOut                            241.00    


Simulation run time: 0.00 minutes.
Simulation run complete.
